Build started 4/28/2016 10:06:34 AM.
     1>Project "Z:\Extra Credit Project Gutenberg\Extra Credit\Extra Credit\Extra Credit.vcxproj" on node 2 (Build target(s)).
     1>ClCompile:
         C:\Program Files (x86)\Microsoft Visual Studio 14.0\VC\bin\CL.exe /c /ZI /nologo /W3 /WX- /Od /Oy- /D WIN32 /D _DEBUG /D _CONSOLE /D _UNICODE /D UNICODE /Gm /EHsc /RTC1 /MDd /GS /fp:precise /Zc:wchar_t /Zc:forScope /Zc:inline /Fo"Debug\\" /Fd"Debug\vc140.pdb" /Gd /TP /analyze- /errorReport:prompt main.cpp Word.cpp
         Word.cpp
     1>z:\extra credit project gutenberg\extra credit\extra credit\word.cpp(3): error C2955: 'Word': use of class template requires template argument list
         z:\extra credit project gutenberg\extra credit\extra credit\word.h(9): note: see declaration of 'Word'
     1>z:\extra credit project gutenberg\extra credit\extra credit\word.cpp(7): error C2244: 'Word::Word': unable to match function definition to an existing declaration
         z:\extra credit project gutenberg\extra credit\extra credit\word.cpp(3): note: see declaration of 'Word::Word'
         z:\extra credit project gutenberg\extra credit\extra credit\word.cpp(7): note: definition
         z:\extra credit project gutenberg\extra credit\extra credit\word.cpp(7): note: 'Word::Word(void)'
         z:\extra credit project gutenberg\extra credit\extra credit\word.cpp(7): note: existing declarations
         z:\extra credit project gutenberg\extra credit\extra credit\word.cpp(7): note: 'Word<T>::Word(void)'
     1>z:\extra credit project gutenberg\extra credit\extra credit\word.cpp(12): error C2244: 'Word::getType': unable to match function definition to an existing declaration
         z:\extra credit project gutenberg\extra credit\extra credit\word.cpp(9): note: see declaration of 'Word::getType'
         z:\extra credit project gutenberg\extra credit\extra credit\word.cpp(12): note: definition
         z:\extra credit project gutenberg\extra credit\extra credit\word.cpp(12): note: 'T Word::getType(void)'
         z:\extra credit project gutenberg\extra credit\extra credit\word.cpp(12): note: existing declarations
         z:\extra credit project gutenberg\extra credit\extra credit\word.cpp(12): note: 'T Word<T>::getType(void)'
     1>z:\extra credit project gutenberg\extra credit\extra credit\word.cpp(17): error C2244: 'Word::getFrequency': unable to match function definition to an existing declaration
         z:\extra credit project gutenberg\extra credit\extra credit\word.cpp(14): note: see declaration of 'Word::getFrequency'
         z:\extra credit project gutenberg\extra credit\extra credit\word.cpp(17): note: definition
         z:\extra credit project gutenberg\extra credit\extra credit\word.cpp(17): note: 'T Word::getFrequency(void)'
         z:\extra credit project gutenberg\extra credit\extra credit\word.cpp(17): note: existing declarations
         z:\extra credit project gutenberg\extra credit\extra credit\word.cpp(17): note: 'T Word<T>::getFrequency(void)'
     1>z:\extra credit project gutenberg\extra credit\extra credit\word.cpp(22): error C2244: 'Word::setFrequency': unable to match function definition to an existing declaration
         z:\extra credit project gutenberg\extra credit\extra credit\word.cpp(19): note: see declaration of 'Word::setFrequency'
         z:\extra credit project gutenberg\extra credit\extra credit\word.cpp(22): note: definition
         z:\extra credit project gutenberg\extra credit\extra credit\word.cpp(22): note: 'T Word::setFrequency(void)'
         z:\extra credit project gutenberg\extra credit\extra credit\word.cpp(22): note: existing declarations
         z:\extra credit project gutenberg\extra credit\extra credit\word.cpp(22): note: 'void Word<T>::setFrequency(void)'
         main.cpp
         Generating Code...
     1>Done Building Project "Z:\Extra Credit Project Gutenberg\Extra Credit\Extra Credit\Extra Credit.vcxproj" (Build target(s)) -- FAILED.

Build FAILED.

Time Elapsed 00:00:04.62
